Added Component: Designator=C1(0805-2)
Added Component: Designator=C2(0805-2)
Added Component: Designator=C3(0805-2)
Added Component: Designator=C4(0805-2)
Added Component: Designator=C5(0805-2)
Added Component: Designator=C6(0805-2)
Added Component: Designator=C7(0805-2)
Added Component: Designator=C8(0805-2)
Added Component: Designator=C9(0805-2)
Added Component: Designator=D1(SOD523)
Added Component: Designator=D2(SOD523)
Added Component: Designator=D3(LED_0805)
Added Component: Designator=D4(LED_0805)
Added Component: Designator=D5(LED_0805)
Added Component: Designator=D6(LED_0805)
Added Component: Designator=P1(U.FL-R-SMT)
Added Component: Designator=P2(HDR1X2)
Added Component: Designator=P3(HDR8X1_A)
Added Component: Designator=P4(HDR1X2)
Added Component: Designator=R1(0805-2)
Added Component: Designator=R2(1210)
Added Component: Designator=R3(0805-2)
Added Component: Designator=R4(0805-2)
Added Component: Designator=R5(0805-2)
Added Component: Designator=R6(0805-2)
Added Component: Designator=R7(0805-2)
Added Component: Designator=SWD(HDR6*1*1.27)
Added Component: Designator=U1(STM-TSSOP20_N)
Added Component: Designator=U2(SSOP-16 LT8920)
Added Component: Designator=U3(SOT23-6)
Added Component: Designator=U4(SOT-23)
Added Component: Designator=USB(MICROUSB_1)
Added Component: Designator=Y1(XTAL_3225)
Added Pin To Net: NetName=3V3 Pin=C1-1
Added Pin To Net: NetName=3V3 Pin=C7-1
Added Pin To Net: NetName=3V3 Pin=D5-1
Added Pin To Net: NetName=3V3 Pin=D6-1
Added Pin To Net: NetName=3V3 Pin=P3-8
Added Pin To Net: NetName=3V3 Pin=SWD-1
Added Pin To Net: NetName=3V3 Pin=U1-5
Added Pin To Net: NetName=3V3 Pin=U1-16
Added Pin To Net: NetName=3V3 Pin=U2-12
Added Pin To Net: NetName=3V3 Pin=U4-2
Added Net: Name=3V3
Added Pin To Net: NetName=5V Pin=D1-2
Added Pin To Net: NetName=5V Pin=D2-2
Added Pin To Net: NetName=5V Pin=D3-1
Added Pin To Net: NetName=5V Pin=D4-1
Added Pin To Net: NetName=5V Pin=P4-1
Added Pin To Net: NetName=5V Pin=R2-2
Added Net: Name=5V
Added Pin To Net: NetName=ANT Pin=P1-1
Added Pin To Net: NetName=ANT Pin=R1-2
Added Pin To Net: NetName=ANT Pin=U2-10
Added Net: Name=ANT
Added Pin To Net: NetName=BAT+ Pin=D2-1
Added Pin To Net: NetName=BAT+ Pin=P2-1
Added Pin To Net: NetName=BAT+ Pin=U3-3
Added Net: Name=BAT+
Added Pin To Net: NetName=GND Pin=C1-2
Added Pin To Net: NetName=GND Pin=C2-1
Added Pin To Net: NetName=GND Pin=C3-1
Added Pin To Net: NetName=GND Pin=C4-1
Added Pin To Net: NetName=GND Pin=C5-2
Added Pin To Net: NetName=GND Pin=C6-2
Added Pin To Net: NetName=GND Pin=C7-2
Added Pin To Net: NetName=GND Pin=C8-2
Added Pin To Net: NetName=GND Pin=C9-2
Added Pin To Net: NetName=GND Pin=P1-2
Added Pin To Net: NetName=GND Pin=P1-3
Added Pin To Net: NetName=GND Pin=P2-2
Added Pin To Net: NetName=GND Pin=P3-4
Added Pin To Net: NetName=GND Pin=R1-1
Added Pin To Net: NetName=GND Pin=R3-1
Added Pin To Net: NetName=GND Pin=SWD-2
Added Pin To Net: NetName=GND Pin=SWD-5
Added Pin To Net: NetName=GND Pin=U1-1
Added Pin To Net: NetName=GND Pin=U1-15
Added Pin To Net: NetName=GND Pin=U2-9
Added Pin To Net: NetName=GND Pin=U2-15
Added Pin To Net: NetName=GND Pin=U3-2
Added Pin To Net: NetName=GND Pin=U4-1
Added Pin To Net: NetName=GND Pin=USB-5
Added Pin To Net: NetName=GND Pin=USB-6
Added Pin To Net: NetName=GND Pin=USB-6
Added Pin To Net: NetName=GND Pin=USB-6
Added Pin To Net: NetName=GND Pin=USB-6
Added Pin To Net: NetName=GND Pin=Y1-2
Added Pin To Net: NetName=GND Pin=Y1-4
Added Net: Name=GND
Added Pin To Net: NetName=LED1 Pin=R6-1
Added Pin To Net: NetName=LED1 Pin=U1-10
Added Net: Name=LED1
Added Pin To Net: NetName=LED2 Pin=R7-1
Added Pin To Net: NetName=LED2 Pin=U1-9
Added Net: Name=LED2
Added Pin To Net: NetName=LED_CHG Pin=R4-1
Added Pin To Net: NetName=LED_CHG Pin=U3-1
Added Net: Name=LED_CHG
Added Pin To Net: NetName=LED_STD Pin=R5-1
Added Pin To Net: NetName=LED_STD Pin=U3-5
Added Net: Name=LED_STD
Added Pin To Net: NetName=LT8920_CS Pin=U1-17
Added Pin To Net: NetName=LT8920_CS Pin=U2-14
Added Net: Name=LT8920_CS
Added Pin To Net: NetName=LT8920_PKT Pin=U1-7
Added Pin To Net: NetName=LT8920_PKT Pin=U2-13
Added Net: Name=LT8920_PKT
Added Pin To Net: NetName=LT8920_RST Pin=U1-14
Added Pin To Net: NetName=LT8920_RST Pin=U2-4
Added Net: Name=LT8920_RST
Added Pin To Net: NetName=NetC2_2 Pin=C2-2
Added Pin To Net: NetName=NetC2_2 Pin=U2-6
Added Pin To Net: NetName=NetC2_2 Pin=Y1-1
Added Net: Name=NetC2_2
Added Pin To Net: NetName=NetC3_2 Pin=C3-2
Added Pin To Net: NetName=NetC3_2 Pin=U2-7
Added Pin To Net: NetName=NetC3_2 Pin=Y1-3
Added Net: Name=NetC3_2
Added Pin To Net: NetName=NetC4_2 Pin=C4-2
Added Pin To Net: NetName=NetC4_2 Pin=U2-3
Added Pin To Net: NetName=NetC4_2 Pin=U2-5
Added Pin To Net: NetName=NetC4_2 Pin=U2-8
Added Pin To Net: NetName=NetC4_2 Pin=U2-11
Added Net: Name=NetC4_2
Added Pin To Net: NetName=NetC8_1 Pin=C8-1
Added Pin To Net: NetName=NetC8_1 Pin=R2-1
Added Pin To Net: NetName=NetC8_1 Pin=U3-4
Added Net: Name=NetC8_1
Added Pin To Net: NetName=NetD3_2 Pin=D3-2
Added Pin To Net: NetName=NetD3_2 Pin=R4-2
Added Net: Name=NetD3_2
Added Pin To Net: NetName=NetD4_2 Pin=D4-2
Added Pin To Net: NetName=NetD4_2 Pin=R5-2
Added Net: Name=NetD4_2
Added Pin To Net: NetName=NetD5_2 Pin=D5-2
Added Pin To Net: NetName=NetD5_2 Pin=R6-2
Added Net: Name=NetD5_2
Added Pin To Net: NetName=NetD6_2 Pin=D6-2
Added Pin To Net: NetName=NetD6_2 Pin=R7-2
Added Net: Name=NetD6_2
Added Pin To Net: NetName=NetR3_2 Pin=R3-2
Added Pin To Net: NetName=NetR3_2 Pin=U3-6
Added Net: Name=NetR3_2
Added Pin To Net: NetName=NRST Pin=C9-1
Added Pin To Net: NetName=NRST Pin=U1-4
Added Net: Name=NRST
Added Pin To Net: NetName=PS2PAD_CS Pin=P3-5
Added Pin To Net: NetName=PS2PAD_CS Pin=U1-18
Added Net: Name=PS2PAD_CS
Added Pin To Net: NetName=SPI_CLK Pin=P3-3
Added Pin To Net: NetName=SPI_CLK Pin=U1-11
Added Pin To Net: NetName=SPI_CLK Pin=U2-16
Added Net: Name=SPI_CLK
Added Pin To Net: NetName=SPI_MISO Pin=P3-6
Added Pin To Net: NetName=SPI_MISO Pin=U1-12
Added Pin To Net: NetName=SPI_MISO Pin=U2-2
Added Net: Name=SPI_MISO
Added Pin To Net: NetName=SPI_MOSI Pin=P3-7
Added Pin To Net: NetName=SPI_MOSI Pin=U1-13
Added Pin To Net: NetName=SPI_MOSI Pin=U2-1
Added Net: Name=SPI_MOSI
Added Pin To Net: NetName=SWCLK Pin=SWD-4
Added Pin To Net: NetName=SWCLK Pin=U1-20
Added Net: Name=SWCLK
Added Pin To Net: NetName=SWIO Pin=SWD-3
Added Pin To Net: NetName=SWIO Pin=U1-19
Added Net: Name=SWIO
Added Pin To Net: NetName=USART1_TX Pin=SWD-6
Added Pin To Net: NetName=USART1_TX Pin=U1-8
Added Net: Name=USART1_TX
Added Pin To Net: NetName=USB_V+ Pin=C5-1
Added Pin To Net: NetName=USB_V+ Pin=D1-1
Added Pin To Net: NetName=USB_V+ Pin=USB-1
Added Net: Name=USB_V+
Added Pin To Net: NetName=VCC Pin=C6-1
Added Pin To Net: NetName=VCC Pin=P3-1
Added Pin To Net: NetName=VCC Pin=P4-2
Added Pin To Net: NetName=VCC Pin=U4-3
Added Net: Name=VCC
