Added Component: Designator=U1(STM-LQFP48_N)
Added Pin To Net: NetName=3V3 Pin=U1-1
Added Pin To Net: NetName=NRST Pin=U1-7
Added Pin To Net: NetName=GND Pin=U1-8
Added Pin To Net: NetName=3V3 Pin=U1-9
Added Pin To Net: NetName=LT8920_PKT Pin=U1-12
Added Pin To Net: NetName=LT8920_RST Pin=U1-13
Added Pin To Net: NetName=LT8920_CS Pin=U1-14
Added Pin To Net: NetName=SPI_CLK Pin=U1-15
Added Pin To Net: NetName=SPI_MISO Pin=U1-16
Added Pin To Net: NetName=SPI_MOSI Pin=U1-17
Added Pin To Net: NetName=LED1 Pin=U1-18
Added Pin To Net: NetName=DRV_NFAULT Pin=U1-19
Added Pin To Net: NetName=NetR1_1 Pin=U1-20
Added Pin To Net: NetName=DO5_G Pin=U1-21
Added Pin To Net: NetName=GND Pin=U1-23
Added Pin To Net: NetName=3.3V Pin=U1-24
Added Pin To Net: NetName=USART1_TX Pin=U1-30
Added Pin To Net: NetName=USART1_RX Pin=U1-31
Added Pin To Net: NetName=SWDIO Pin=U1-34
Added Pin To Net: NetName=GND Pin=U1-35
Added Pin To Net: NetName=3.3V Pin=U1-36
Added Pin To Net: NetName=SWCLK Pin=U1-37
Added Pin To Net: NetName=DRV_NSLEEP Pin=U1-39
Added Pin To Net: NetName=DRV_IN1 Pin=U1-40
Added Pin To Net: NetName=DRV_IN2 Pin=U1-41
Added Pin To Net: NetName=DO1_G Pin=U1-42
Added Pin To Net: NetName=DO2_G Pin=U1-43
Added Pin To Net: NetName=NetR2_2 Pin=U1-44
Added Pin To Net: NetName=DO3_G Pin=U1-45
Added Pin To Net: NetName=DO4_G Pin=U1-46
Added Pin To Net: NetName=GND Pin=U1-47
Added Pin To Net: NetName=3.3V Pin=U1-48
