Added Component: Designator=C1(0805-2)
Added Component: Designator=C2(C-RB-S6)
Added Component: Designator=C3(0805-2)
Added Component: Designator=C4(C-RB-S6)
Added Component: Designator=C5(0805-2)
Added Component: Designator=C6(0805-2)
Added Component: Designator=C7(0805-2)
Added Component: Designator=C8(0805-2)
Added Component: Designator=C8(0805-2)
Added Component: Designator=C9(0805-2)
Added Component: Designator=C9(0805-2)
Added Component: Designator=D1(DIODE-SMA)
Added Component: Designator=D2(SOD523)
Added Component: Designator=D3(SOD523)
Added Component: Designator=D4(SOD523)
Added Component: Designator=D5(SOD523)
Added Component: Designator=D6(SOD523)
Added Component: Designator=D7(SOD523)
Added Component: Designator=L1(l-SMD-4)
Added Component: Designator=LED1(0603-1)
Added Component: Designator=P1(HDR3X1_A)
Added Component: Designator=P2(HDR4*1*1.27)
Added Component: Designator=P3(HDR4*1*1.27)
Added Component: Designator=P4(U.FL-R-SMT)
Added Component: Designator=P5(HDR2X1_A)
Added Component: Designator=P6(HDR2X1_A)
Added Component: Designator=P7(HDR2X1_A)
Added Component: Designator=P8(HDR2X1_A)
Added Component: Designator=P9(HDR3X1_A)
Added Component: Designator=P10(HDR3X1_A)
Added Component: Designator=P11(HDR3X1_A)
Added Component: Designator=P12(HDR3X1_A)
Added Component: Designator=Q1(SOT-23-3L)
Added Component: Designator=Q2(SOT-23-3L)
Added Component: Designator=Q3(SOT-23-3L)
Added Component: Designator=Q4(SOT-23-3L)
Added Component: Designator=Q5(SOT-23-3L)
Added Component: Designator=Q6(SOT-23-3L)
Added Component: Designator=R1(0603-2)
Added Component: Designator=R2(0603-2)
Added Component: Designator=R3(0805-2)
Added Component: Designator=R4(0603-2)
Added Component: Designator=R5(0603-2)
Added Component: Designator=R6(0603-2)
Added Component: Designator=R7(0805-2)
Added Component: Designator=R8(0805-2)
Added Component: Designator=U1(TSOT23-6)
Added Component: Designator=U2(SOT-23)
Added Component: Designator=U3(STM-UFQFPN32_N)
Added Component: Designator=U4(SSOP-16 LT8920)
Added Component: Designator=Y1(XTAL_3225)
Added Pin To Net: NetName=3V3 Pin=C6-1
Added Pin To Net: NetName=3V3 Pin=C7-2
Added Pin To Net: NetName=3V3 Pin=P3-4
Added Pin To Net: NetName=3V3 Pin=R7-2
Added Pin To Net: NetName=3V3 Pin=U2-2
Added Pin To Net: NetName=3V3 Pin=U3-1
Added Pin To Net: NetName=3V3 Pin=U3-5
Added Pin To Net: NetName=3V3 Pin=U3-17
Added Pin To Net: NetName=3V3 Pin=U4-12
Added Net: Name=3V3
Added Pin To Net: NetName=5V Pin=C4-1
Added Pin To Net: NetName=5V Pin=C5-1
Added Pin To Net: NetName=5V Pin=L1-2
Added Pin To Net: NetName=5V Pin=P1-2
Added Pin To Net: NetName=5V Pin=P2-4
Added Pin To Net: NetName=5V Pin=P9-1
Added Pin To Net: NetName=5V Pin=P10-1
Added Pin To Net: NetName=5V Pin=P11-1
Added Pin To Net: NetName=5V Pin=P12-1
Added Pin To Net: NetName=5V Pin=R1-1
Added Pin To Net: NetName=5V Pin=U2-3
Added Net: Name=5V
Added Pin To Net: NetName=ANT Pin=P4-1
Added Pin To Net: NetName=ANT Pin=R8-2
Added Pin To Net: NetName=ANT Pin=U4-10
Added Net: Name=ANT
Added Pin To Net: NetName=BAT+ Pin=C2-1
Added Pin To Net: NetName=BAT+ Pin=C3-2
Added Pin To Net: NetName=BAT+ Pin=D2-2
Added Pin To Net: NetName=BAT+ Pin=D3-2
Added Pin To Net: NetName=BAT+ Pin=D4-2
Added Pin To Net: NetName=BAT+ Pin=D5-2
Added Pin To Net: NetName=BAT+ Pin=D6-2
Added Pin To Net: NetName=BAT+ Pin=D7-2
Added Pin To Net: NetName=BAT+ Pin=P1-1
Added Pin To Net: NetName=BAT+ Pin=P5-1
Added Pin To Net: NetName=BAT+ Pin=P6-1
Added Pin To Net: NetName=BAT+ Pin=P7-1
Added Pin To Net: NetName=BAT+ Pin=P8-1
Added Pin To Net: NetName=BAT+ Pin=R3-1
Added Pin To Net: NetName=BAT+ Pin=U1-5
Added Net: Name=BAT+
Added Pin To Net: NetName=DO1_N Pin=D6-1
Added Pin To Net: NetName=DO1_N Pin=P7-2
Added Pin To Net: NetName=DO1_N Pin=Q5-D
Added Net: Name=DO1_N
Added Pin To Net: NetName=DO2_N Pin=D7-1
Added Pin To Net: NetName=DO2_N Pin=P8-2
Added Pin To Net: NetName=DO2_N Pin=Q6-D
Added Net: Name=DO2_N
Added Pin To Net: NetName=GND Pin=C2-2
Added Pin To Net: NetName=GND Pin=C3-1
Added Pin To Net: NetName=GND Pin=C4-2
Added Pin To Net: NetName=GND Pin=C5-2
Added Pin To Net: NetName=GND Pin=C6-2
Added Pin To Net: NetName=GND Pin=C7-1
Added Pin To Net: NetName=GND Pin=C8-1
Added Pin To Net: NetName=GND Pin=C8-2
Added Pin To Net: NetName=GND Pin=C9-1
Added Pin To Net: NetName=GND Pin=C9-1
Added Pin To Net: NetName=GND Pin=D1-1
Added Pin To Net: NetName=GND Pin=P1-3
Added Pin To Net: NetName=GND Pin=P2-1
Added Pin To Net: NetName=GND Pin=P3-3
Added Pin To Net: NetName=GND Pin=P4-2
Added Pin To Net: NetName=GND Pin=P4-3
Added Pin To Net: NetName=GND Pin=P9-3
Added Pin To Net: NetName=GND Pin=P10-3
Added Pin To Net: NetName=GND Pin=P11-3
Added Pin To Net: NetName=GND Pin=P12-3
Added Pin To Net: NetName=GND Pin=Q1-S
Added Pin To Net: NetName=GND Pin=Q2-S
Added Pin To Net: NetName=GND Pin=Q3-S
Added Pin To Net: NetName=GND Pin=Q4-S
Added Pin To Net: NetName=GND Pin=Q5-S
Added Pin To Net: NetName=GND Pin=Q6-S
Added Pin To Net: NetName=GND Pin=R2-2
Added Pin To Net: NetName=GND Pin=R6-2
Added Pin To Net: NetName=GND Pin=R8-1
Added Pin To Net: NetName=GND Pin=U1-2
Added Pin To Net: NetName=GND Pin=U2-1
Added Pin To Net: NetName=GND Pin=U3-33
Added Pin To Net: NetName=GND Pin=U4-9
Added Pin To Net: NetName=GND Pin=U4-15
Added Pin To Net: NetName=GND Pin=Y1-2
Added Pin To Net: NetName=GND Pin=Y1-4
Added Net: Name=GND
Added Pin To Net: NetName=LED1 Pin=LED1-2
Added Pin To Net: NetName=LED1 Pin=U3-32
Added Net: Name=LED1
Added Pin To Net: NetName=LT8920_CS Pin=U3-29
Added Pin To Net: NetName=LT8920_CS Pin=U4-14
Added Net: Name=LT8920_CS
Added Pin To Net: NetName=LT8920_PKT Pin=U3-30
Added Pin To Net: NetName=LT8920_PKT Pin=U4-13
Added Net: Name=LT8920_PKT
Added Pin To Net: NetName=LT8920_RST Pin=U3-25
Added Pin To Net: NetName=LT8920_RST Pin=U4-4
Added Net: Name=LT8920_RST
Added Pin To Net: NetName=MOTO1_N Pin=D2-1
Added Pin To Net: NetName=MOTO1_N Pin=D3-1
Added Pin To Net: NetName=MOTO1_N Pin=P5-2
Added Pin To Net: NetName=MOTO1_N Pin=Q1-D
Added Pin To Net: NetName=MOTO1_N Pin=Q2-D
Added Net: Name=MOTO1_N
Added Pin To Net: NetName=MOTO2_N Pin=D4-1
Added Pin To Net: NetName=MOTO2_N Pin=D5-1
Added Pin To Net: NetName=MOTO2_N Pin=P6-2
Added Pin To Net: NetName=MOTO2_N Pin=Q3-D
Added Pin To Net: NetName=MOTO2_N Pin=Q4-D
Added Net: Name=MOTO2_N
Added Pin To Net: NetName=NetC1_1 Pin=C1-1
Added Pin To Net: NetName=NetC1_1 Pin=U1-1
Added Net: Name=NetC1_1
Added Pin To Net: NetName=NetC1_2 Pin=C1-2
Added Pin To Net: NetName=NetC1_2 Pin=D1-2
Added Pin To Net: NetName=NetC1_2 Pin=L1-1
Added Pin To Net: NetName=NetC1_2 Pin=U1-6
Added Net: Name=NetC1_2
Added Pin To Net: NetName=NetC8_1 Pin=C8-1
Added Pin To Net: NetName=NetC8_1 Pin=U3-4
Added Net: Name=NetC8_1
Added Pin To Net: NetName=NetC8_2 Pin=C8-2
Added Pin To Net: NetName=NetC8_2 Pin=U4-6
Added Pin To Net: NetName=NetC8_2 Pin=Y1-1
Added Net: Name=NetC8_2
Added Pin To Net: NetName=NetC9_2 Pin=C9-2
Added Pin To Net: NetName=NetC9_2 Pin=U4-3
Added Pin To Net: NetName=NetC9_2 Pin=U4-5
Added Pin To Net: NetName=NetC9_2 Pin=U4-8
Added Pin To Net: NetName=NetC9_2 Pin=U4-11
Added Net: Name=NetC9_2
Added Pin To Net: NetName=NetLED1_1 Pin=LED1-1
Added Pin To Net: NetName=NetLED1_1 Pin=R7-1
Added Net: Name=NetLED1_1
Added Pin To Net: NetName=NetP2_2 Pin=P2-2
Added Pin To Net: NetName=NetP2_2 Pin=R4-2
Added Net: Name=NetP2_2
Added Pin To Net: NetName=NetP2_3 Pin=P2-3
Added Pin To Net: NetName=NetP2_3 Pin=R5-2
Added Net: Name=NetP2_3
Added Pin To Net: NetName=NetR1_2 Pin=R1-2
Added Pin To Net: NetName=NetR1_2 Pin=R2-1
Added Pin To Net: NetName=NetR1_2 Pin=U1-3
Added Net: Name=NetR1_2
Added Pin To Net: NetName=NetR3_2 Pin=R3-2
Added Pin To Net: NetName=NetR3_2 Pin=U1-4
Added Net: Name=NetR3_2
Added Pin To Net: NetName=NetR6_1 Pin=R6-1
Added Pin To Net: NetName=NetR6_1 Pin=U3-31
Added Net: Name=NetR6_1
Added Pin To Net: NetName=PWM_DO1 Pin=Q5-G
Added Pin To Net: NetName=PWM_DO1 Pin=U3-8
Added Net: Name=PWM_DO1
Added Pin To Net: NetName=PWM_DO2 Pin=Q6-G
Added Pin To Net: NetName=PWM_DO2 Pin=U3-9
Added Net: Name=PWM_DO2
Added Pin To Net: NetName=PWM_M1 Pin=Q1-G
Added Pin To Net: NetName=PWM_M1 Pin=Q2-G
Added Pin To Net: NetName=PWM_M1 Pin=U3-6
Added Net: Name=PWM_M1
Added Pin To Net: NetName=PWM_M2 Pin=Q3-G
Added Pin To Net: NetName=PWM_M2 Pin=Q4-G
Added Pin To Net: NetName=PWM_M2 Pin=U3-7
Added Net: Name=PWM_M2
Added Pin To Net: NetName=SERVO1 Pin=P9-2
Added Pin To Net: NetName=SERVO1 Pin=U3-12
Added Net: Name=SERVO1
Added Pin To Net: NetName=SERVO2 Pin=P10-2
Added Pin To Net: NetName=SERVO2 Pin=U3-13
Added Net: Name=SERVO2
Added Pin To Net: NetName=SERVO3 Pin=P11-2
Added Pin To Net: NetName=SERVO3 Pin=U3-14
Added Net: Name=SERVO3
Added Pin To Net: NetName=SERVO4 Pin=P12-2
Added Pin To Net: NetName=SERVO4 Pin=U3-15
Added Net: Name=SERVO4
Added Pin To Net: NetName=SPI_CLK Pin=U3-26
Added Pin To Net: NetName=SPI_CLK Pin=U4-16
Added Net: Name=SPI_CLK
Added Pin To Net: NetName=SPI_MISO Pin=U3-27
Added Pin To Net: NetName=SPI_MISO Pin=U4-2
Added Net: Name=SPI_MISO
Added Pin To Net: NetName=SPI_MOSI Pin=U3-28
Added Pin To Net: NetName=SPI_MOSI Pin=U4-1
Added Net: Name=SPI_MOSI
Added Pin To Net: NetName=SWCLK Pin=P3-1
Added Pin To Net: NetName=SWCLK Pin=U3-24
Added Net: Name=SWCLK
Added Pin To Net: NetName=SWDIO Pin=P3-2
Added Pin To Net: NetName=SWDIO Pin=U3-23
Added Net: Name=SWDIO
Added Pin To Net: NetName=UART_RX Pin=R4-1
Added Pin To Net: NetName=UART_RX Pin=U3-20
Added Net: Name=UART_RX
Added Pin To Net: NetName=UART_TX Pin=R5-1
Added Pin To Net: NetName=UART_TX Pin=U3-19
Added Net: Name=UART_TX
